<?xml version="1.0" encoding="UTF-8"?>
<!-- Generated by org.testng.reporters.JUnitReportReporter -->
<testsuite hostname="BHANU-LAPTOP" failures="0" tests="1" name="day22.Demo4" time="0.028" errors="0" timestamp="2024-01-03T08:06:07 IST" skipped="0">
  <testcase classname="day22.Demo4" name="f" time="0.028">
    <system-out>
      <![CDATA[@Test]]>
    </system-out>
  </testcase> <!-- f -->
  <system-out>
    <![CDATA[@BeforeSuite
@BeforeTest
@BeforeClass
@BeforeMethod
@Test
@AfterMethod
@AfterClass
@AfterTest
@AfterSuite]]>
  </system-out>
</testsuite> <!-- day22.Demo4 -->
