<?xml version="1.0" encoding="UTF-8"?>
<!-- Generated by org.testng.reporters.JUnitReportReporter -->
<testsuite hostname="BHANU-LAPTOP" failures="0" tests="2" name="day22.Demo1" time="0.018" errors="0" timestamp="2024-01-03T07:43:27 IST" skipped="0">
  <testcase classname="day22.Demo1" name="createCustomer" time="0.010">
    <system-out>
      <![CDATA[Create Customer]]>
    </system-out>
  </testcase> <!-- createCustomer -->
  <testcase classname="day22.Demo1" name="deleteCustomer" time="0.008">
    <system-out>
      <![CDATA[Delete Customer]]>
    </system-out>
  </testcase> <!-- deleteCustomer -->
  <system-out>
    <![CDATA[open app
Login
Create Customer
logout
Login
Delete Customer
logout
close app]]>
  </system-out>
</testsuite> <!-- day22.Demo1 -->
