<?xml version="1.0" encoding="UTF-8"?>
<!-- Generated by org.testng.reporters.JUnitReportReporter -->
<testsuite hostname="BHANU-LAPTOP" failures="0" tests="1" name="day23.Demo4" time="10.667" errors="0" timestamp="2024-01-04T09:15:19 IST" skipped="0">
  <testcase classname="day23.Demo4" name="test" time="10.667">
    <system-out>
      <![CDATA[Google]]>
    </system-out>
  </testcase> <!-- test -->
  <system-out>
    <![CDATA[Google]]>
  </system-out>
</testsuite> <!-- day23.Demo4 -->
