<?xml version="1.0" encoding="UTF-8"?>
<!-- Generated by org.testng.reporters.JUnitReportReporter -->
<testsuite hostname="BHANU-LAPTOP" failures="0" tests="6" name="day21.Demo5" time="0.045" errors="0" timestamp="2024-01-02T08:22:34 IST" skipped="0">
  <testcase classname="day21.Demo5" name="test5b" time="0.003">
    <system-out>
      <![CDATA[Test5b...]]>
    </system-out>
  </testcase> <!-- test5b -->
  <testcase classname="day21.Demo5" name="test5b" time="0.002">
    <system-out>
      <![CDATA[Test5b...]]>
    </system-out>
  </testcase> <!-- test5b -->
  <testcase classname="day21.Demo5" name="test5b" time="0.004">
    <system-out>
      <![CDATA[Test5b...]]>
    </system-out>
  </testcase> <!-- test5b -->
  <testcase classname="day21.Demo5" name="test5a" time="0.026">
    <system-out>
      <![CDATA[Test5a...
Test5a...
Test5a...
Test5a...
Test5a...]]>
    </system-out>
  </testcase> <!-- test5a -->
  <testcase classname="day21.Demo5" name="test5b" time="0.004">
    <system-out>
      <![CDATA[Test5b...]]>
    </system-out>
  </testcase> <!-- test5b -->
  <testcase classname="day21.Demo5" name="test5b" time="0.006">
    <system-out>
      <![CDATA[Test5b...]]>
    </system-out>
  </testcase> <!-- test5b -->
  <system-out>
    <![CDATA[Test5a...
Test5a...
Test5a...
Test5a...
Test5a...
Test5b...
Test5b...
Test5b...
Test5b...
Test5b...]]>
  </system-out>
</testsuite> <!-- day21.Demo5 -->
