<?xml version="1.0" encoding="UTF-8"?>
<!-- Generated by org.testng.reporters.JUnitReportReporter -->
<testsuite hostname="BHANU-LAPTOP" failures="0" tests="3" name="day21.Demo4" time="0.036" errors="0" timestamp="2024-01-02T08:12:06 IST" skipped="0">
  <testcase classname="day21.Demo4" name="registerUser" time="0.028">
    <system-out>
      <![CDATA[Register User]]>
    </system-out>
  </testcase> <!-- registerUser -->
  <testcase classname="day21.Demo4" name="editUser" time="0.006">
    <system-out>
      <![CDATA[Edit User]]>
    </system-out>
  </testcase> <!-- editUser -->
  <testcase classname="day21.Demo4" name="deleteUser" time="0.002">
    <system-out>
      <![CDATA[Delete User]]>
    </system-out>
  </testcase> <!-- deleteUser -->
  <system-out>
    <![CDATA[Register User
Edit User
Delete User]]>
  </system-out>
</testsuite> <!-- day21.Demo4 -->
