<?xml version="1.0" encoding="UTF-8"?>
<!-- Generated by org.testng.reporters.JUnitReportReporter -->
<testsuite hostname="BHANU-LAPTOP" failures="0" tests="3" name="day21.Demo10" time="0.024" errors="0" timestamp="2024-01-02T09:02:25 IST" skipped="0">
  <testcase classname="day21.Demo10" name="createUser" time="0.002">
    <system-out>
      <![CDATA[Create User:true]]>
    </system-out>
  </testcase> <!-- createUser -->
  <testcase classname="day21.Demo10" name="createUser" time="0.003">
    <system-out>
      <![CDATA[Create User:1234]]>
    </system-out>
  </testcase> <!-- createUser -->
  <testcase classname="day21.Demo10" name="createUser" time="0.019">
    <system-out>
      <![CDATA[Create User:UserA]]>
    </system-out>
  </testcase> <!-- createUser -->
  <system-out>
    <![CDATA[Create User:UserA
Create User:1234
Create User:true]]>
  </system-out>
</testsuite> <!-- day21.Demo10 -->
