<?xml version="1.0" encoding="UTF-8"?>
<!-- Generated by org.testng.reporters.JUnitReportReporter -->
<testsuite hostname="BHANU-LAPTOP" failures="0" tests="1" name="day22.Demo2" time="0.020" errors="0" timestamp="2024-01-03T07:58:49 IST" skipped="0">
  <testcase classname="day22.Demo2" name="test2" time="0.020">
    <system-out>
      <![CDATA[Test2...]]>
    </system-out>
  </testcase> <!-- test2 -->
  <system-out>
    <![CDATA[@BeforeClass
@BeforeMethod
Test2...
@AfterMethod
@AfterClass
@BeforeClass
@BeforeMethod
Test3...
@AfterMethod
@BeforeMethod
Test4...
@AfterMethod
@AfterClass]]>
  </system-out>
</testsuite> <!-- day22.Demo2 -->
