<?xml version="1.0" encoding="UTF-8"?>
<!-- Generated by org.testng.reporters.JUnitReportReporter -->
<testsuite hostname="BHANU-LAPTOP" failures="0" tests="4" name="day24.Demo7" time="0.048" errors="0" timestamp="2024-01-05T09:02:45 IST" skipped="1">
  <testcase classname="day24.Demo7" name="createCustomer" time="0.016">
    <system-out>
      <![CDATA[createCustomer]]>
    </system-out>
  </testcase> <!-- createCustomer -->
  <testcase classname="day24.Demo7" name="createUser" time="0.008">
    <system-out>
      <![CDATA[createUser]]>
    </system-out>
  </testcase> <!-- createUser -->
  <testcase classname="day24.Demo7" name="createProduct" time="0.024">
    <system-out>
      <![CDATA[createProduct]]>
    </system-out>
  </testcase> <!-- createProduct -->
  <testcase classname="day24.Demo7" name="editCustomer">
    <skipped/>
  </testcase> <!-- editCustomer -->
  <system-out>
    <![CDATA[login
createCustomer
logout
login
createProduct
logout
login
createUser
logout]]>
  </system-out>
</testsuite> <!-- day24.Demo7 -->
