<?xml version="1.0" encoding="UTF-8"?>
<!-- Generated by org.testng.reporters.JUnitReportReporter -->
<testsuite hostname="BHANU-LAPTOP" failures="0" tests="2" name="day24.Demo4" time="0.019" errors="0" timestamp="2024-01-05T08:31:29 IST" skipped="0">
  <testcase classname="day24.Demo4" name="deleteUser" time="0.003">
    <system-out>
      <![CDATA[Delete User]]>
    </system-out>
  </testcase> <!-- deleteUser -->
  <testcase classname="day24.Demo4" name="registerUser" time="0.016">
    <system-out>
      <![CDATA[Register User]]>
    </system-out>
  </testcase> <!-- registerUser -->
  <system-out>
    <![CDATA[Register User
Delete User]]>
  </system-out>
</testsuite> <!-- day24.Demo4 -->
