<?xml version="1.0" encoding="UTF-8"?>
<!-- Generated by org.testng.reporters.JUnitReportReporter -->
<testsuite hostname="BHANU-LAPTOP" failures="0" tests="5" name="day21.Demo6" time="0.021" errors="0" timestamp="2024-01-02T08:29:29 IST" skipped="0">
  <testcase classname="day21.Demo6" name="createUser" time="0.002">
    <system-out>
      <![CDATA[Create User:Ambika]]>
    </system-out>
  </testcase> <!-- createUser -->
  <testcase classname="day21.Demo6" name="createUser" time="0.003">
    <system-out>
      <![CDATA[Create User:Chandra]]>
    </system-out>
  </testcase> <!-- createUser -->
  <testcase classname="day21.Demo6" name="createUser" time="0.001">
    <system-out>
      <![CDATA[Create User:Sunitha]]>
    </system-out>
  </testcase> <!-- createUser -->
  <testcase classname="day21.Demo6" name="createUser" time="0.012">
    <system-out>
      <![CDATA[Create User:Arjun]]>
    </system-out>
  </testcase> <!-- createUser -->
  <testcase classname="day21.Demo6" name="createUser" time="0.003">
    <system-out>
      <![CDATA[Create User:Ravi]]>
    </system-out>
  </testcase> <!-- createUser -->
  <system-out>
    <![CDATA[Create User:Arjun
Create User:Sunitha
Create User:Ambika
Create User:Ravi
Create User:Chandra]]>
  </system-out>
</testsuite> <!-- day21.Demo6 -->
