<?xml version="1.0" encoding="UTF-8"?>
<!-- Generated by org.testng.reporters.JUnitReportReporter -->
<testsuite hostname="BHANU-LAPTOP" failures="0" tests="3" name="day21.Demo9" time="0.022" errors="0" timestamp="2024-01-02T08:55:02 IST" skipped="0">
  <testcase classname="day21.Demo9" name="createUser" time="0.016">
    <system-out>
      <![CDATA[Create User:UserA with pw:A123]]>
    </system-out>
  </testcase> <!-- createUser -->
  <testcase classname="day21.Demo9" name="createUser" time="0.003">
    <system-out>
      <![CDATA[Create User:UserC with pw:C123]]>
    </system-out>
  </testcase> <!-- createUser -->
  <testcase classname="day21.Demo9" name="createUser" time="0.003">
    <system-out>
      <![CDATA[Create User:UserB with pw:B123]]>
    </system-out>
  </testcase> <!-- createUser -->
  <system-out>
    <![CDATA[Create User:UserA with pw:A123
Create User:UserB with pw:B123
Create User:UserC with pw:C123]]>
  </system-out>
</testsuite> <!-- day21.Demo9 -->
