<?xml version="1.0" encoding="UTF-8"?>
<!-- Generated by org.testng.reporters.JUnitReportReporter -->
<testsuite hostname="BHANU-LAPTOP" failures="0" tests="2" name="day22.Demo7" time="0.013" errors="0" timestamp="2024-01-03T08:20:08 IST" skipped="0">
  <testcase classname="day22.Demo7" name="test7B" time="0.010">
    <system-out>
      <![CDATA[test7B]]>
    </system-out>
  </testcase> <!-- test7B -->
  <testcase classname="day22.Demo7" name="test7A" time="0.003">
    <system-out>
      <![CDATA[test7A]]>
    </system-out>
  </testcase> <!-- test7A -->
  <system-out>
    <![CDATA[@BeforeSuite
@BeforeTest
@BeforeClass
@BeforeMethod
@test5
@AfterMethod
@AfterClass
@AfterTest
@BeforeTest
@BeforeClass
@BeforeMethod
test6
@AfterMethod
@AfterClass
@BeforeClass
@BeforeMethod
test7A
@AfterMethod
@BeforeMethod
test7B
@AfterMethod
@AfterClass
@AfterTest
@AfterSuite]]>
  </system-out>
</testsuite> <!-- day22.Demo7 -->
