<?xml version="1.0" encoding="UTF-8"?>
<!-- Generated by org.testng.reporters.JUnitReportReporter -->
<testsuite hostname="BHANU-LAPTOP" failures="0" tests="1" name="day22.Demo8" time="0.032" errors="0" timestamp="2024-01-03T08:41:04 IST" skipped="0">
  <testcase classname="day22.Demo8" name="test8" time="0.032">
    <system-out>
      <![CDATA[test8...Delhi10001]]>
    </system-out>
  </testcase> <!-- test8 -->
  <system-out>
    <![CDATA[test8...Delhi10001]]>
  </system-out>
</testsuite> <!-- day22.Demo8 -->
