<?xml version="1.0" encoding="UTF-8"?>
<!-- Generated by org.testng.reporters.JUnitReportReporter -->
<testsuite hostname="BHANU-LAPTOP" failures="0" tests="3" name="day21.Demo8" time="0.024" errors="0" timestamp="2024-01-02T08:49:15 IST" skipped="0">
  <testcase classname="day21.Demo8" name="createUser" time="0.020">
    <system-out>
      <![CDATA[Create User:Asha]]>
    </system-out>
  </testcase> <!-- createUser -->
  <testcase classname="day21.Demo8" name="createUser" time="0.002">
    <system-out>
      <![CDATA[Create User:Bindu]]>
    </system-out>
  </testcase> <!-- createUser -->
  <testcase classname="day21.Demo8" name="createUser" time="0.002">
    <system-out>
      <![CDATA[Create User:Chandana]]>
    </system-out>
  </testcase> <!-- createUser -->
  <system-out>
    <![CDATA[Create User:Asha
Create User:Bindu
Create User:Chandana]]>
  </system-out>
</testsuite> <!-- day21.Demo8 -->
