<?xml version="1.0" encoding="UTF-8"?>
<!-- Generated by org.testng.reporters.JUnitReportReporter -->
<testsuite hostname="BHANU-LAPTOP" failures="0" tests="2" name="day22.Demo9" time="72.176" errors="0" timestamp="2024-01-03T08:58:37 IST" skipped="0">
  <testcase classname="day22.Demo9" name="test9" time="36.280"/>
  <testcase classname="day22.Demo9" name="test9" time="35.896"/>
</testsuite> <!-- day22.Demo9 -->
