<?xml version="1.0" encoding="UTF-8"?>
<!-- Generated by org.testng.reporters.JUnitReportReporter -->
<testsuite hostname="BHANU-LAPTOP" failures="0" tests="1" name="day23.Demo2" time="29.793" errors="0" timestamp="2024-01-04T08:40:48 IST" skipped="0">
  <testcase classname="day23.Demo2" name="testA" time="29.793"/>
</testsuite> <!-- day23.Demo2 -->
