<?xml version="1.0" encoding="UTF-8"?>
<!-- Generated by org.testng.reporters.JUnitReportReporter -->
<testsuite hostname="BHANU-LAPTOP" failures="0" tests="2" name="day22.Demo3" time="0.009" errors="0" timestamp="2024-01-03T07:58:49 IST" skipped="0">
  <testcase classname="day22.Demo3" name="test4" time="0.006">
    <system-out>
      <![CDATA[Test4...]]>
    </system-out>
  </testcase> <!-- test4 -->
  <testcase classname="day22.Demo3" name="test3" time="0.003">
    <system-out>
      <![CDATA[Test3...]]>
    </system-out>
  </testcase> <!-- test3 -->
  <system-out>
    <![CDATA[@BeforeClass
@BeforeMethod
Test2...
@AfterMethod
@AfterClass
@BeforeClass
@BeforeMethod
Test3...
@AfterMethod
@BeforeMethod
Test4...
@AfterMethod
@AfterClass]]>
  </system-out>
</testsuite> <!-- day22.Demo3 -->
