<?xml version="1.0" encoding="UTF-8"?>
<!-- Generated by org.testng.reporters.JUnitReportReporter -->
<testsuite hostname="BHANU-LAPTOP" failures="0" tests="1" name="day22.Demo6" time="0.014" errors="0" timestamp="2024-01-03T08:20:08 IST" skipped="0">
  <testcase classname="day22.Demo6" name="test6" time="0.014">
    <system-out>
      <![CDATA[test6]]>
    </system-out>
  </testcase> <!-- test6 -->
  <system-out>
    <![CDATA[@BeforeSuite
@BeforeTest
@BeforeClass
@BeforeMethod
@test5
@AfterMethod
@AfterClass
@AfterTest
@BeforeTest
@BeforeClass
@BeforeMethod
test6
@AfterMethod
@AfterClass
@BeforeClass
@BeforeMethod
test7A
@AfterMethod
@BeforeMethod
test7B
@AfterMethod
@AfterClass
@AfterTest
@AfterSuite]]>
  </system-out>
</testsuite> <!-- day22.Demo6 -->
