<?xml version="1.0" encoding="UTF-8"?>
<!-- Generated by org.testng.reporters.JUnitReportReporter -->
<testsuite hostname="BHANU-LAPTOP" failures="0" tests="1" name="day21.Demo1" time="0.017" errors="0" timestamp="2024-01-02T08:00:54 IST" skipped="0">
  <testcase classname="day21.Demo1" name="testA" time="0.017">
    <system-out>
      <![CDATA[Test1*****
Test1%%%%
Test1$$$$]]>
    </system-out>
  </testcase> <!-- testA -->
  <system-out>
    <![CDATA[Test1*****
Test1%%%%
Test1$$$$
Test3*****
Test3%%%%
Test3$$$$
Test2*****
Test2%%%%
Test2$$$$]]>
  </system-out>
</testsuite> <!-- day21.Demo1 -->
