<?xml version="1.0" encoding="UTF-8"?>
<!-- Generated by org.testng.reporters.JUnitReportReporter -->
<testsuite hostname="BHANU-LAPTOP" failures="0" tests="1" name="day23.Demo1" time="28.882" errors="0" timestamp="2024-01-04T08:26:55 IST" skipped="0">
  <testcase classname="day23.Demo1" name="testA" time="28.882"/>
</testsuite> <!-- day23.Demo1 -->
